2020-03-04 17:35:26 INFO  ApacheHttpClient.sendEvent(526) - responseCode = 200
2020-03-04 17:36:26 INFO  ApacheHttpClient.sendEvent(526) - responseCode = 200
2020-03-04 17:37:26 INFO  ApacheHttpClient.sendEvent(526) - responseCode = 200
2020-03-04 17:38:26 INFO  ApacheHttpClient.sendEvent(526) - responseCode = 200
2020-03-04 17:39:26 INFO  ApacheHttpClient.sendEvent(526) - responseCode = 200
2020-03-04 17:40:26 INFO  ApacheHttpClient.sendEvent(526) - responseCode = 200
2020-03-04 17:41:26 INFO  ApacheHttpClient.sendEvent(526) - responseCode = 200
2020-03-04 17:42:26 INFO  ApacheHttpClient.sendEvent(526) - responseCode = 200
2020-03-04 17:43:26 INFO  ApacheHttpClient.sendEvent(526) - responseCode = 200
2020-03-04 17:44:26 INFO  ApacheHttpClient.sendEvent(526) - responseCode = 200
2020-03-04 17:45:26 INFO  ApacheHttpClient.sendEvent(526) - responseCode = 200
2020-03-04 17:46:27 INFO  ApacheHttpClient.sendEvent(526) - responseCode = 200
2020-03-04 17:47:26 INFO  ApacheHttpClient.sendEvent(526) - responseCode = 200
2020-03-04 17:48:26 INFO  ApacheHttpClient.sendEvent(526) - responseCode = 200
2020-03-04 17:49:26 INFO  ApacheHttpClient.sendEvent(526) - responseCode = 200
2020-03-04 17:50:26 INFO  ApacheHttpClient.sendEvent(526) - responseCode = 200
2020-03-04 17:51:27 INFO  ApacheHttpClient.sendEvent(526) - responseCode = 200
2020-03-04 17:52:26 INFO  ApacheHttpClient.sendEvent(526) - responseCode = 200
2020-03-04 17:53:26 INFO  ApacheHttpClient.sendEvent(526) - responseCode = 200
2020-03-04 17:54:26 INFO  ApacheHttpClient.sendEvent(526) - responseCode = 200
2020-03-04 17:55:26 INFO  ApacheHttpClient.sendEvent(526) - responseCode = 200
2020-03-04 17:56:26 INFO  ApacheHttpClient.sendEvent(526) - responseCode = 200
2020-03-04 17:57:26 INFO  ApacheHttpClient.sendEvent(526) - responseCode = 200
2020-03-04 17:58:26 INFO  ApacheHttpClient.sendEvent(526) - responseCode = 200
2020-03-04 17:59:26 INFO  ApacheHttpClient.sendEvent(526) - responseCode = 200
2020-03-04 18:00:26 INFO  ApacheHttpClient.sendEvent(526) - responseCode = 200
2020-03-04 18:01:26 INFO  ApacheHttpClient.sendEvent(526) - responseCode = 200
2020-03-04 18:02:26 INFO  ApacheHttpClient.sendEvent(526) - responseCode = 200
2020-03-04 18:03:26 INFO  ApacheHttpClient.sendEvent(526) - responseCode = 200
2020-03-04 18:04:26 INFO  ApacheHttpClient.sendEvent(526) - responseCode = 200
2020-03-04 18:05:26 INFO  ApacheHttpClient.sendEvent(526) - responseCode = 200
2020-03-04 18:06:26 INFO  ApacheHttpClient.sendEvent(526) - responseCode = 200
2020-03-04 18:07:26 INFO  ApacheHttpClient.sendEvent(526) - responseCode = 200
2020-03-04 18:08:26 INFO  ApacheHttpClient.sendEvent(526) - responseCode = 200
2020-03-04 18:09:26 INFO  ApacheHttpClient.sendEvent(526) - responseCode = 200
2020-03-04 18:10:26 INFO  ApacheHttpClient.sendEvent(526) - responseCode = 200
2020-03-04 18:11:26 INFO  ApacheHttpClient.sendEvent(526) - responseCode = 200
2020-03-04 18:12:26 INFO  ApacheHttpClient.sendEvent(526) - responseCode = 200
2020-03-04 18:13:26 INFO  ApacheHttpClient.sendEvent(526) - responseCode = 200
2020-03-04 18:14:26 INFO  ApacheHttpClient.sendEvent(526) - responseCode = 200
2020-03-04 18:15:26 INFO  ApacheHttpClient.sendEvent(526) - responseCode = 200
2020-03-04 18:16:26 INFO  ApacheHttpClient.sendEvent(526) - responseCode = 200
2020-03-04 18:17:26 INFO  ApacheHttpClient.sendEvent(526) - responseCode = 200
2020-03-04 18:18:26 INFO  ApacheHttpClient.sendEvent(526) - responseCode = 200
2020-03-04 18:19:26 INFO  ApacheHttpClient.sendEvent(526) - responseCode = 200
2020-03-04 18:20:26 INFO  ApacheHttpClient.sendEvent(526) - responseCode = 200
2020-03-04 18:21:26 INFO  ApacheHttpClient.sendEvent(526) - responseCode = 200
2020-03-04 18:22:26 INFO  ApacheHttpClient.sendEvent(526) - responseCode = 200
2020-03-04 18:23:26 INFO  ApacheHttpClient.sendEvent(526) - responseCode = 200
2020-03-04 18:24:26 INFO  ApacheHttpClient.sendEvent(526) - responseCode = 200
2020-03-04 18:25:26 INFO  ApacheHttpClient.sendEvent(526) - responseCode = 200
2020-03-04 18:26:26 INFO  ApacheHttpClient.sendEvent(526) - responseCode = 200
2020-03-04 18:27:26 INFO  ApacheHttpClient.sendEvent(526) - responseCode = 200
2020-03-04 18:28:26 INFO  ApacheHttpClient.sendEvent(526) - responseCode = 200
2020-03-04 18:29:26 INFO  ApacheHttpClient.sendEvent(526) - responseCode = 200
2020-03-04 18:30:26 INFO  ApacheHttpClient.sendEvent(526) - responseCode = 200
2020-03-04 18:31:26 INFO  ApacheHttpClient.sendEvent(526) - responseCode = 200
2020-03-04 18:32:26 INFO  ApacheHttpClient.sendEvent(526) - responseCode = 200
2020-03-04 18:33:26 INFO  ApacheHttpClient.sendEvent(526) - responseCode = 200
2020-03-04 18:34:27 INFO  ApacheHttpClient.sendEvent(526) - responseCode = 200
2020-03-04 18:35:26 INFO  ApacheHttpClient.sendEvent(526) - responseCode = 200
2020-03-04 18:36:26 INFO  ApacheHttpClient.sendEvent(526) - responseCode = 200
2020-03-04 18:37:27 INFO  ApacheHttpClient.sendEvent(526) - responseCode = 200
2020-03-04 18:38:26 INFO  ApacheHttpClient.sendEvent(526) - responseCode = 200
2020-03-04 18:39:26 INFO  ApacheHttpClient.sendEvent(526) - responseCode = 200
2020-03-04 18:40:26 INFO  ApacheHttpClient.sendEvent(526) - responseCode = 200
2020-03-04 18:41:26 INFO  ApacheHttpClient.sendEvent(526) - responseCode = 200
2020-03-04 18:42:26 INFO  ApacheHttpClient.sendEvent(526) - responseCode = 200
2020-03-04 18:43:26 INFO  ApacheHttpClient.sendEvent(526) - responseCode = 200
2020-03-04 18:44:26 INFO  ApacheHttpClient.sendEvent(526) - responseCode = 200
2020-03-04 18:45:26 INFO  ApacheHttpClient.sendEvent(526) - responseCode = 200
2020-03-04 18:46:27 INFO  ApacheHttpClient.sendEvent(526) - responseCode = 200
2020-03-04 18:47:26 INFO  ApacheHttpClient.sendEvent(526) - responseCode = 200
2020-03-04 18:48:27 INFO  ApacheHttpClient.sendEvent(526) - responseCode = 200
2020-03-04 18:49:26 INFO  ApacheHttpClient.sendEvent(526) - responseCode = 200
2020-03-04 18:50:26 INFO  ApacheHttpClient.sendEvent(526) - responseCode = 200
2020-03-04 18:51:26 INFO  ApacheHttpClient.sendEvent(526) - responseCode = 200
2020-03-04 18:52:26 INFO  ApacheHttpClient.sendEvent(526) - responseCode = 200
2020-03-04 18:53:26 INFO  ApacheHttpClient.sendEvent(526) - responseCode = 200
2020-03-04 18:54:26 INFO  ApacheHttpClient.sendEvent(526) - responseCode = 200
2020-03-04 18:55:26 INFO  ApacheHttpClient.sendEvent(526) - responseCode = 200
2020-03-04 18:56:26 INFO  ApacheHttpClient.sendEvent(526) - responseCode = 200
2020-03-04 18:57:27 INFO  ApacheHttpClient.sendEvent(526) - responseCode = 200
2020-03-04 18:58:26 INFO  ApacheHttpClient.sendEvent(526) - responseCode = 200
2020-03-04 18:59:26 INFO  ApacheHttpClient.sendEvent(526) - responseCode = 200
2020-03-04 19:00:26 INFO  ApacheHttpClient.sendEvent(526) - responseCode = 200
2020-03-04 19:01:26 INFO  ApacheHttpClient.sendEvent(526) - responseCode = 200
2020-03-04 19:02:26 INFO  ApacheHttpClient.sendEvent(526) - responseCode = 200
2020-03-04 19:03:26 INFO  ApacheHttpClient.sendEvent(526) - responseCode = 200
2020-03-04 19:04:26 INFO  ApacheHttpClient.sendEvent(526) - responseCode = 200
2020-03-04 19:05:26 INFO  ApacheHttpClient.sendEvent(526) - responseCode = 200
2020-03-04 19:06:26 INFO  ApacheHttpClient.sendEvent(526) - responseCode = 200
2020-03-04 19:07:26 INFO  ApacheHttpClient.sendEvent(526) - responseCode = 200
2020-03-04 19:08:26 INFO  ApacheHttpClient.sendEvent(526) - responseCode = 200
2020-03-04 19:09:26 INFO  ApacheHttpClient.sendEvent(526) - responseCode = 200
2020-03-04 19:10:26 INFO  ApacheHttpClient.sendEvent(526) - responseCode = 200
2020-03-04 19:11:26 INFO  ApacheHttpClient.sendEvent(526) - responseCode = 200
2020-03-04 19:12:26 INFO  ApacheHttpClient.sendEvent(526) - responseCode = 200
2020-03-04 19:13:26 INFO  ApacheHttpClient.sendEvent(526) - responseCode = 200
2020-03-04 19:14:26 INFO  ApacheHttpClient.sendEvent(526) - responseCode = 200
2020-03-04 19:15:26 INFO  ApacheHttpClient.sendEvent(526) - responseCode = 200
2020-03-04 19:16:26 INFO  ApacheHttpClient.sendEvent(526) - responseCode = 200
2020-03-04 19:17:26 INFO  ApacheHttpClient.sendEvent(526) - responseCode = 200
2020-03-04 19:18:26 INFO  ApacheHttpClient.sendEvent(526) - responseCode = 200
2020-03-04 19:19:26 INFO  ApacheHttpClient.sendEvent(526) - responseCode = 200
2020-03-04 19:20:26 INFO  ApacheHttpClient.sendEvent(526) - responseCode = 200
2020-03-04 19:21:26 INFO  ApacheHttpClient.sendEvent(526) - responseCode = 200
2020-03-04 19:22:26 INFO  ApacheHttpClient.sendEvent(526) - responseCode = 200
2020-03-04 19:23:26 INFO  ApacheHttpClient.sendEvent(526) - responseCode = 200
2020-03-04 19:24:26 INFO  ApacheHttpClient.sendEvent(526) - responseCode = 200
2020-03-04 19:25:26 INFO  ApacheHttpClient.sendEvent(526) - responseCode = 200
2020-03-04 19:26:26 INFO  ApacheHttpClient.sendEvent(526) - responseCode = 200
2020-03-04 19:27:26 INFO  ApacheHttpClient.sendEvent(526) - responseCode = 200
2020-03-04 19:28:26 INFO  ApacheHttpClient.sendEvent(526) - responseCode = 200
2020-03-04 19:29:26 INFO  ApacheHttpClient.sendEvent(526) - responseCode = 200
2020-03-04 19:30:26 INFO  ApacheHttpClient.sendEvent(526) - responseCode = 200
2020-03-04 19:31:26 INFO  ApacheHttpClient.sendEvent(526) - responseCode = 200
2020-03-04 19:32:26 INFO  ApacheHttpClient.sendEvent(526) - responseCode = 200
2020-03-04 19:33:26 INFO  ApacheHttpClient.sendEvent(526) - responseCode = 200
2020-03-04 19:34:26 INFO  ApacheHttpClient.sendEvent(526) - responseCode = 200
2020-03-04 19:35:26 INFO  ApacheHttpClient.sendEvent(526) - responseCode = 200
2020-03-04 19:36:26 INFO  ApacheHttpClient.sendEvent(526) - responseCode = 200
2020-03-04 19:37:26 INFO  ApacheHttpClient.sendEvent(526) - responseCode = 200
2020-03-04 19:38:27 INFO  ApacheHttpClient.sendEvent(526) - responseCode = 200
2020-03-04 19:39:26 INFO  ApacheHttpClient.sendEvent(526) - responseCode = 200
2020-03-04 19:40:26 INFO  ApacheHttpClient.sendEvent(526) - responseCode = 200
2020-03-04 19:41:26 INFO  ApacheHttpClient.sendEvent(526) - responseCode = 200
2020-03-04 19:42:26 INFO  ApacheHttpClient.sendEvent(526) - responseCode = 200
2020-03-04 19:43:26 INFO  ApacheHttpClient.sendEvent(526) - responseCode = 200
2020-03-04 19:44:26 INFO  ApacheHttpClient.sendEvent(526) - responseCode = 200
2020-03-04 19:45:26 INFO  ApacheHttpClient.sendEvent(526) - responseCode = 200
2020-03-04 19:46:26 INFO  ApacheHttpClient.sendEvent(526) - responseCode = 200
2020-03-04 19:47:26 INFO  ApacheHttpClient.sendEvent(526) - responseCode = 200
2020-03-04 19:48:26 INFO  ApacheHttpClient.sendEvent(526) - responseCode = 200
2020-03-04 19:49:26 INFO  ApacheHttpClient.sendEvent(526) - responseCode = 200
2020-03-04 19:50:26 INFO  ApacheHttpClient.sendEvent(526) - responseCode = 200
2020-03-04 19:51:26 INFO  ApacheHttpClient.sendEvent(526) - responseCode = 200
2020-03-04 19:52:26 INFO  ApacheHttpClient.sendEvent(526) - responseCode = 200
2020-03-04 19:53:26 INFO  ApacheHttpClient.sendEvent(526) - responseCode = 200
2020-03-04 19:54:26 INFO  ApacheHttpClient.sendEvent(526) - responseCode = 200
2020-03-04 19:55:26 INFO  ApacheHttpClient.sendEvent(526) - responseCode = 200
2020-03-04 19:56:27 INFO  ApacheHttpClient.sendEvent(526) - responseCode = 200
2020-03-04 19:57:26 INFO  ApacheHttpClient.sendEvent(526) - responseCode = 200
2020-03-04 19:58:26 INFO  ApacheHttpClient.sendEvent(526) - responseCode = 200
2020-03-04 19:59:26 INFO  ApacheHttpClient.sendEvent(526) - responseCode = 200
2020-03-04 20:00:26 INFO  ApacheHttpClient.sendEvent(526) - responseCode = 200
2020-03-04 20:01:26 INFO  ApacheHttpClient.sendEvent(526) - responseCode = 200
2020-03-04 20:02:26 INFO  ApacheHttpClient.sendEvent(526) - responseCode = 200
2020-03-04 20:03:26 INFO  ApacheHttpClient.sendEvent(526) - responseCode = 200
2020-03-04 20:04:26 INFO  ApacheHttpClient.sendEvent(526) - responseCode = 200
2020-03-04 20:05:26 INFO  ApacheHttpClient.sendEvent(526) - responseCode = 200
2020-03-04 20:06:26 INFO  ApacheHttpClient.sendEvent(526) - responseCode = 200
2020-03-04 20:07:26 INFO  ApacheHttpClient.sendEvent(526) - responseCode = 200
2020-03-04 20:08:26 INFO  ApacheHttpClient.sendEvent(526) - responseCode = 200
2020-03-04 20:09:27 INFO  ApacheHttpClient.sendEvent(526) - responseCode = 200
2020-03-04 20:10:26 INFO  ApacheHttpClient.sendEvent(526) - responseCode = 200
2020-03-04 20:11:26 INFO  ApacheHttpClient.sendEvent(526) - responseCode = 200
2020-03-04 20:12:26 INFO  ApacheHttpClient.sendEvent(526) - responseCode = 200
2020-03-04 20:13:26 INFO  ApacheHttpClient.sendEvent(526) - responseCode = 200
2020-03-04 20:14:26 INFO  ApacheHttpClient.sendEvent(526) - responseCode = 200
2020-03-04 20:15:26 INFO  ApacheHttpClient.sendEvent(526) - responseCode = 200
2020-03-04 20:16:26 INFO  ApacheHttpClient.sendEvent(526) - responseCode = 200
2020-03-04 20:17:26 INFO  ApacheHttpClient.sendEvent(526) - responseCode = 200
2020-03-04 20:18:26 INFO  ApacheHttpClient.sendEvent(526) - responseCode = 200
2020-03-04 20:19:26 INFO  ApacheHttpClient.sendEvent(526) - responseCode = 200
2020-03-04 20:20:26 INFO  ApacheHttpClient.sendEvent(526) - responseCode = 200
2020-03-04 20:21:26 INFO  ApacheHttpClient.sendEvent(526) - responseCode = 200
2020-03-04 20:22:26 INFO  ApacheHttpClient.sendEvent(526) - responseCode = 200
2020-03-04 20:23:26 INFO  ApacheHttpClient.sendEvent(526) - responseCode = 200
2020-03-04 20:24:26 INFO  ApacheHttpClient.sendEvent(526) - responseCode = 200
2020-03-04 20:25:26 INFO  ApacheHttpClient.sendEvent(526) - responseCode = 200
2020-03-04 20:26:26 INFO  ApacheHttpClient.sendEvent(526) - responseCode = 200
2020-03-04 20:27:27 INFO  ApacheHttpClient.sendEvent(526) - responseCode = 200
2020-03-04 20:28:26 INFO  ApacheHttpClient.sendEvent(526) - responseCode = 200
2020-03-04 20:29:26 INFO  ApacheHttpClient.sendEvent(526) - responseCode = 200
2020-03-04 20:30:26 INFO  ApacheHttpClient.sendEvent(526) - responseCode = 200
2020-03-04 20:31:26 INFO  ApacheHttpClient.sendEvent(526) - responseCode = 200
2020-03-04 20:32:27 INFO  ApacheHttpClient.sendEvent(526) - responseCode = 200
2020-03-04 20:33:26 INFO  ApacheHttpClient.sendEvent(526) - responseCode = 200
2020-03-04 20:34:26 INFO  ApacheHttpClient.sendEvent(526) - responseCode = 200
2020-03-04 20:35:26 INFO  ApacheHttpClient.sendEvent(526) - responseCode = 200
2020-03-04 20:36:26 INFO  ApacheHttpClient.sendEvent(526) - responseCode = 200
2020-03-04 20:37:26 INFO  ApacheHttpClient.sendEvent(526) - responseCode = 200
2020-03-04 20:38:26 INFO  ApacheHttpClient.sendEvent(526) - responseCode = 200
2020-03-04 20:39:26 INFO  ApacheHttpClient.sendEvent(526) - responseCode = 200
2020-03-04 20:40:26 INFO  ApacheHttpClient.sendEvent(526) - responseCode = 200
2020-03-04 20:41:26 INFO  ApacheHttpClient.sendEvent(526) - responseCode = 200
2020-03-04 20:42:26 INFO  ApacheHttpClient.sendEvent(526) - responseCode = 200
2020-03-04 20:43:26 INFO  ApacheHttpClient.sendEvent(526) - responseCode = 200
2020-03-04 20:44:26 INFO  ApacheHttpClient.sendEvent(526) - responseCode = 200
2020-03-04 20:45:27 INFO  ApacheHttpClient.sendEvent(526) - responseCode = 200
2020-03-04 20:46:26 INFO  ApacheHttpClient.sendEvent(526) - responseCode = 200
2020-03-04 20:47:26 INFO  ApacheHttpClient.sendEvent(526) - responseCode = 200
2020-03-04 20:48:26 INFO  ApacheHttpClient.sendEvent(526) - responseCode = 200
2020-03-04 20:49:26 INFO  ApacheHttpClient.sendEvent(526) - responseCode = 200
2020-03-04 20:50:26 INFO  ApacheHttpClient.sendEvent(526) - responseCode = 200
2020-03-04 20:51:26 INFO  ApacheHttpClient.sendEvent(526) - responseCode = 200
2020-03-04 20:52:26 INFO  ApacheHttpClient.sendEvent(526) - responseCode = 200
2020-03-04 20:53:26 INFO  ApacheHttpClient.sendEvent(526) - responseCode = 200
2020-03-04 20:54:26 INFO  ApacheHttpClient.sendEvent(526) - responseCode = 200
2020-03-04 20:55:26 INFO  ApacheHttpClient.sendEvent(526) - responseCode = 200
2020-03-04 20:56:26 INFO  ApacheHttpClient.sendEvent(526) - responseCode = 200
2020-03-04 20:57:26 INFO  ApacheHttpClient.sendEvent(526) - responseCode = 200
2020-03-04 20:58:26 INFO  ApacheHttpClient.sendEvent(526) - responseCode = 200
2020-03-04 20:59:26 INFO  ApacheHttpClient.sendEvent(526) - responseCode = 200
2020-03-04 21:00:26 INFO  ApacheHttpClient.sendEvent(526) - responseCode = 200
2020-03-04 21:01:26 INFO  ApacheHttpClient.sendEvent(526) - responseCode = 200
2020-03-04 21:02:26 INFO  ApacheHttpClient.sendEvent(526) - responseCode = 200
2020-03-04 21:03:26 INFO  ApacheHttpClient.sendEvent(526) - responseCode = 200
2020-03-04 21:04:26 INFO  ApacheHttpClient.sendEvent(526) - responseCode = 200
2020-03-04 21:05:26 INFO  ApacheHttpClient.sendEvent(526) - responseCode = 200
2020-03-04 21:06:26 INFO  ApacheHttpClient.sendEvent(526) - responseCode = 200
2020-03-04 21:07:26 INFO  ApacheHttpClient.sendEvent(526) - responseCode = 200
2020-03-04 21:08:26 INFO  ApacheHttpClient.sendEvent(526) - responseCode = 200
2020-03-04 21:09:26 INFO  ApacheHttpClient.sendEvent(526) - responseCode = 200
2020-03-04 21:10:26 INFO  ApacheHttpClient.sendEvent(526) - responseCode = 200
2020-03-04 21:11:26 INFO  ApacheHttpClient.sendEvent(526) - responseCode = 200
2020-03-04 21:12:26 INFO  ApacheHttpClient.sendEvent(526) - responseCode = 200
2020-03-04 21:13:26 INFO  ApacheHttpClient.sendEvent(526) - responseCode = 200
2020-03-04 21:14:26 INFO  ApacheHttpClient.sendEvent(526) - responseCode = 200
2020-03-04 21:15:26 INFO  ApacheHttpClient.sendEvent(526) - responseCode = 200
2020-03-04 21:16:26 INFO  ApacheHttpClient.sendEvent(526) - responseCode = 200
2020-03-04 21:17:26 INFO  ApacheHttpClient.sendEvent(526) - responseCode = 200
2020-03-04 21:18:26 INFO  ApacheHttpClient.sendEvent(526) - responseCode = 200
2020-03-04 21:19:26 INFO  ApacheHttpClient.sendEvent(526) - responseCode = 200
2020-03-04 21:20:26 INFO  ApacheHttpClient.sendEvent(526) - responseCode = 200
2020-03-04 21:21:26 INFO  ApacheHttpClient.sendEvent(526) - responseCode = 200
2020-03-04 21:22:26 INFO  ApacheHttpClient.sendEvent(526) - responseCode = 200
2020-03-04 21:23:26 INFO  ApacheHttpClient.sendEvent(526) - responseCode = 200
2020-03-04 21:24:26 INFO  ApacheHttpClient.sendEvent(526) - responseCode = 200
2020-03-04 21:25:26 INFO  ApacheHttpClient.sendEvent(526) - responseCode = 200
2020-03-04 21:26:27 INFO  ApacheHttpClient.sendEvent(526) - responseCode = 200
2020-03-04 21:27:26 INFO  ApacheHttpClient.sendEvent(526) - responseCode = 200
2020-03-04 21:28:26 INFO  ApacheHttpClient.sendEvent(526) - responseCode = 200
2020-03-04 21:29:26 INFO  ApacheHttpClient.sendEvent(526) - responseCode = 200
2020-03-04 21:30:26 INFO  ApacheHttpClient.sendEvent(526) - responseCode = 200
2020-03-04 21:31:26 INFO  ApacheHttpClient.sendEvent(526) - responseCode = 200
2020-03-04 21:32:26 INFO  ApacheHttpClient.sendEvent(526) - responseCode = 200
2020-03-04 21:33:26 INFO  ApacheHttpClient.sendEvent(526) - responseCode = 200
2020-03-04 21:34:26 INFO  ApacheHttpClient.sendEvent(526) - responseCode = 200
2020-03-04 21:35:26 INFO  ApacheHttpClient.sendEvent(526) - responseCode = 200
2020-03-04 21:36:26 INFO  ApacheHttpClient.sendEvent(526) - responseCode = 200
2020-03-04 21:37:26 INFO  ApacheHttpClient.sendEvent(526) - responseCode = 200
2020-03-04 21:38:26 INFO  ApacheHttpClient.sendEvent(526) - responseCode = 200
2020-03-04 21:39:37 INFO  ApacheHttpClient.getWebResourceAsStream(493) - responseCode = 200
2020-03-04 21:39:47 INFO  ApacheHttpClient.getWebResourceAsStream(493) - responseCode = 200
2020-03-04 21:39:51 INFO  PluginTasksProjectComponent.projectClosing(188) - ---------- Project closed ----------

2020-03-04 21:39:51 INFO  ApacheHttpClient.getTask(479) - responseCode = 200
2020-03-04 21:40:25 INFO  PluginTasksProjectComponent.projectOpened(77) - ---------- Project opened ----------
2020-03-04 21:40:25 INFO  PluginTasksProjectComponent.projectOpened(78) - ---------- Version 3.38 ----------

2020-03-04 21:40:25 INFO  ApacheHttpClient.createAsyncHttpClient(143) - 1 proxies selected. Type: DIRECT
2020-03-04 21:40:25 INFO  ApacheHttpClient.<init>(94) - ApacheHttpClient was successfully instantiated.
2020-03-04 21:40:26 INFO  ApacheHttpClient.testConnection(202) - responseCode = 200
2020-03-04 21:40:26 INFO  ApacheHttpClient.testConnection(217) - result = true
2020-03-04 21:40:27 INFO  ApacheHttpClient.isSessionAppropriateWithSecretKey(594) - Waiting for server response.
2020-03-04 21:40:28 INFO  ApacheHttpClient.refreshUserInfo(302) - responseCode = 200
2020-03-04 21:40:28 INFO  ApacheHttpClient.refreshUserInfo(308) - User information received.
2020-03-04 21:40:28 INFO  ApacheHttpClient.startGA(35) - GAService started.
2020-03-04 21:40:28 INFO  AbstractRestApiClient.startService(71) - EventsService started.
2020-03-04 21:40:39 INFO  ApacheHttpClient.getWebResourceAsStream(494) - responseCode = 200
2020-03-04 21:40:39 INFO  ApacheHttpClient.getFilteredTasks(333) - responseCode = 200
2020-03-04 21:40:43 INFO  ApacheHttpClient.getTaskTemplateInfo(350) - responseCode = 200
2020-03-04 21:40:46 INFO  ApacheHttpClient.getWebResourceAsStream(494) - responseCode = 200
2020-03-04 21:41:28 INFO  ApacheHttpClient.sendEvent(527) - responseCode = 200
2020-03-04 21:42:28 INFO  ApacheHttpClient.sendEvent(527) - responseCode = 200
2020-03-04 21:43:28 INFO  ApacheHttpClient.sendEvent(527) - responseCode = 200
2020-03-04 21:44:28 INFO  ApacheHttpClient.sendEvent(527) - responseCode = 200
2020-03-04 21:45:28 INFO  ApacheHttpClient.sendEvent(527) - responseCode = 200
2020-03-04 21:46:28 INFO  ApacheHttpClient.sendEvent(527) - responseCode = 200
2020-03-04 21:47:28 INFO  ApacheHttpClient.sendEvent(527) - responseCode = 200
2020-03-04 21:48:28 INFO  ApacheHttpClient.sendEvent(527) - responseCode = 200
2020-03-04 21:49:28 INFO  ApacheHttpClient.sendEvent(527) - responseCode = 200
2020-03-04 21:50:28 INFO  ApacheHttpClient.sendEvent(527) - responseCode = 200
2020-03-04 21:51:28 INFO  ApacheHttpClient.sendEvent(527) - responseCode = 200
2020-03-04 21:52:28 INFO  ApacheHttpClient.sendEvent(527) - responseCode = 200
2020-03-04 21:53:28 INFO  ApacheHttpClient.sendEvent(527) - responseCode = 200
2020-03-04 21:54:28 INFO  ApacheHttpClient.sendEvent(527) - responseCode = 200
2020-03-04 21:55:06 INFO  ApacheHttpClient.getWebResourceAsStream(494) - responseCode = 200
2020-03-04 21:55:06 INFO  ApacheHttpClient.getWebResourceAsStream(494) - responseCode = 200
2020-03-04 21:55:06 INFO  ApacheHttpClient.getTask(480) - responseCode = 200
2020-03-04 21:55:08 INFO  ApacheHttpClient.completed(28) - responseCode = 200
2020-03-04 21:55:08 INFO  ApacheHttpClient.getTask(480) - responseCode = 200
2020-03-04 21:55:16 INFO  ApacheHttpClient.getWebResourceAsStream(494) - responseCode = 200
2020-03-04 21:55:17 INFO  ApacheHttpClient.getFilteredTasks(333) - responseCode = 200
2020-03-04 21:55:30 INFO  ApacheHttpClient.getTaskTemplateInfo(350) - responseCode = 200
2020-03-04 21:55:31 INFO  ApacheHttpClient.getWebResourceAsStream(494) - responseCode = 200
2020-03-04 21:56:28 INFO  ApacheHttpClient.sendEvent(527) - responseCode = 200
2020-03-04 21:57:28 INFO  ApacheHttpClient.sendEvent(527) - responseCode = 200
2020-03-04 21:58:28 INFO  ApacheHttpClient.sendEvent(527) - responseCode = 200
2020-03-04 21:59:28 INFO  ApacheHttpClient.sendEvent(527) - responseCode = 200
2020-03-04 22:00:28 INFO  ApacheHttpClient.sendEvent(527) - responseCode = 200
2020-03-04 22:01:28 INFO  ApacheHttpClient.sendEvent(527) - responseCode = 200
2020-03-04 22:02:28 INFO  ApacheHttpClient.sendEvent(527) - responseCode = 200
2020-03-04 22:03:28 INFO  ApacheHttpClient.sendEvent(527) - responseCode = 200
2020-03-04 22:04:28 INFO  ApacheHttpClient.sendEvent(527) - responseCode = 200
2020-03-04 22:05:28 INFO  ApacheHttpClient.sendEvent(527) - responseCode = 200
2020-03-04 22:06:28 INFO  ApacheHttpClient.sendEvent(527) - responseCode = 200
2020-03-04 22:07:28 INFO  ApacheHttpClient.sendEvent(527) - responseCode = 200
2020-03-04 22:08:28 INFO  ApacheHttpClient.sendEvent(527) - responseCode = 200
2020-03-04 22:09:28 INFO  ApacheHttpClient.sendEvent(527) - responseCode = 200
2020-03-04 22:10:28 INFO  ApacheHttpClient.sendEvent(527) - responseCode = 200
2020-03-04 22:11:28 INFO  ApacheHttpClient.sendEvent(527) - responseCode = 200
2020-03-04 22:12:28 INFO  ApacheHttpClient.sendEvent(527) - responseCode = 200
2020-03-04 22:13:28 INFO  ApacheHttpClient.sendEvent(527) - responseCode = 200
2020-03-04 22:14:28 INFO  ApacheHttpClient.sendEvent(527) - responseCode = 200
2020-03-04 22:15:28 INFO  ApacheHttpClient.sendEvent(527) - responseCode = 200
2020-03-04 22:16:28 INFO  ApacheHttpClient.sendEvent(527) - responseCode = 200
2020-03-04 22:17:28 INFO  ApacheHttpClient.sendEvent(527) - responseCode = 200
2020-03-04 22:18:28 INFO  ApacheHttpClient.sendEvent(527) - responseCode = 200
2020-03-04 22:19:28 INFO  ApacheHttpClient.sendEvent(527) - responseCode = 200
2020-03-04 22:20:28 INFO  ApacheHttpClient.sendEvent(527) - responseCode = 200
2020-03-04 22:21:28 INFO  ApacheHttpClient.sendEvent(527) - responseCode = 200
2020-03-04 22:21:48 INFO  ApacheHttpClient.getWebResourceAsStream(494) - responseCode = 200
2020-03-04 22:21:49 INFO  ApacheHttpClient.getTask(480) - responseCode = 200
2020-03-04 22:21:49 INFO  ApacheHttpClient.getWebResourceAsStream(494) - responseCode = 200
2020-03-04 22:21:51 INFO  ApacheHttpClient.completed(28) - responseCode = 200
2020-03-04 22:21:51 INFO  ApacheHttpClient.getTask(480) - responseCode = 200
2020-03-04 22:22:28 INFO  ApacheHttpClient.sendEvent(527) - responseCode = 200
2020-03-04 22:23:28 INFO  ApacheHttpClient.sendEvent(527) - responseCode = 200
2020-03-04 22:24:28 INFO  ApacheHttpClient.sendEvent(527) - responseCode = 200
2020-03-04 22:25:28 INFO  ApacheHttpClient.sendEvent(527) - responseCode = 200
2020-03-04 22:25:47 INFO  ApacheHttpClient.getWebResourceAsStream(494) - responseCode = 200
2020-03-04 22:25:48 INFO  ApacheHttpClient.getFilteredTasks(333) - responseCode = 200
2020-03-04 22:26:08 INFO  ApacheHttpClient.getTaskTemplateInfo(350) - responseCode = 200
2020-03-04 22:26:08 INFO  ApacheHttpClient.getWebResourceAsStream(494) - responseCode = 200
2020-03-04 22:26:28 INFO  ApacheHttpClient.sendEvent(527) - responseCode = 200
2020-03-04 22:27:28 INFO  ApacheHttpClient.sendEvent(527) - responseCode = 200
2020-03-04 22:28:28 INFO  ApacheHttpClient.sendEvent(527) - responseCode = 200
2020-03-04 22:29:28 INFO  ApacheHttpClient.sendEvent(527) - responseCode = 200
2020-03-04 22:30:28 INFO  ApacheHttpClient.sendEvent(527) - responseCode = 200
2020-03-04 22:31:28 INFO  ApacheHttpClient.sendEvent(527) - responseCode = 200
2020-03-04 22:32:28 INFO  ApacheHttpClient.sendEvent(527) - responseCode = 200
2020-03-04 22:33:28 INFO  ApacheHttpClient.sendEvent(527) - responseCode = 200
2020-03-04 22:34:28 INFO  ApacheHttpClient.sendEvent(527) - responseCode = 200
2020-03-04 22:35:28 INFO  ApacheHttpClient.sendEvent(527) - responseCode = 200
2020-03-04 22:36:28 INFO  ApacheHttpClient.sendEvent(527) - responseCode = 200
2020-03-04 22:37:28 INFO  ApacheHttpClient.sendEvent(527) - responseCode = 200
2020-03-04 22:38:28 INFO  ApacheHttpClient.sendEvent(527) - responseCode = 200
2020-03-04 22:39:28 INFO  ApacheHttpClient.sendEvent(527) - responseCode = 200
2020-03-04 22:40:28 INFO  ApacheHttpClient.sendEvent(527) - responseCode = 200
2020-03-04 22:41:28 INFO  ApacheHttpClient.sendEvent(527) - responseCode = 200
2020-03-04 22:42:28 INFO  ApacheHttpClient.sendEvent(527) - responseCode = 200
2020-03-04 22:43:28 INFO  ApacheHttpClient.sendEvent(527) - responseCode = 200
2020-03-04 22:44:28 INFO  ApacheHttpClient.sendEvent(527) - responseCode = 200
2020-03-04 22:45:28 INFO  ApacheHttpClient.sendEvent(527) - responseCode = 200
2020-03-04 22:46:28 INFO  ApacheHttpClient.sendEvent(527) - responseCode = 200
2020-03-04 22:47:28 INFO  ApacheHttpClient.sendEvent(527) - responseCode = 200
2020-03-04 22:48:28 INFO  ApacheHttpClient.sendEvent(527) - responseCode = 200
2020-03-04 22:49:28 INFO  ApacheHttpClient.sendEvent(527) - responseCode = 200
2020-03-04 22:50:28 INFO  ApacheHttpClient.sendEvent(527) - responseCode = 200
2020-03-04 22:51:28 INFO  ApacheHttpClient.sendEvent(527) - responseCode = 200
2020-03-04 22:52:28 INFO  ApacheHttpClient.sendEvent(527) - responseCode = 200
2020-03-04 22:53:28 INFO  ApacheHttpClient.sendEvent(527) - responseCode = 200
2020-03-04 22:54:15 INFO  ApacheHttpClient.getWebResourceAsStream(494) - responseCode = 200
2020-03-04 22:54:16 INFO  ApacheHttpClient.getWebResourceAsStream(494) - responseCode = 200
2020-03-04 22:54:16 INFO  ApacheHttpClient.getTask(480) - responseCode = 200
2020-03-04 22:54:17 INFO  ApacheHttpClient.completed(28) - responseCode = 200
2020-03-04 22:54:17 INFO  ApacheHttpClient.getTask(480) - responseCode = 200
2020-03-04 22:54:28 INFO  ApacheHttpClient.sendEvent(527) - responseCode = 200
